<?xml version="1.0" encoding="UTF-8"?>
<testng-results ignored="0" total="1" passed="1" failed="0" skipped="0">
  <reporter-output>
  </reporter-output>
  <suite started-at="2020-03-25T02:11:38 IST" name="Default suite" finished-at="2020-03-25T02:12:16 IST" duration-ms="38186">
    <groups>
    </groups>
    <test started-at="2020-03-25T02:11:38 IST" name="Default test" finished-at="2020-03-25T02:12:16 IST" duration-ms="38186">
      <class name="TestCases.TC_046">
        <test-method is-config="true" signature="beforeSuite()[pri:0, instance:TestCases.TC_046@470f1802]" started-at="2020-03-25T02:11:37 IST" name="beforeSuite" finished-at="2020-03-25T02:11:38 IST" duration-ms="803" status="PASS">
          <reporter-output>
          </reporter-output>
        </test-method> <!-- beforeSuite -->
        <test-method is-config="true" signature="beforeTest()[pri:0, instance:TestCases.TC_046@470f1802]" started-at="2020-03-25T02:11:38 IST" name="beforeTest" finished-at="2020-03-25T02:11:38 IST" duration-ms="1" status="PASS">
          <reporter-output>
          </reporter-output>
        </test-method> <!-- beforeTest -->
        <test-method is-config="true" signature="beforeClass()[pri:0, instance:TestCases.TC_046@470f1802]" started-at="2020-03-25T02:11:38 IST" name="beforeClass" finished-at="2020-03-25T02:11:38 IST" duration-ms="0" status="PASS">
          <reporter-output>
          </reporter-output>
        </test-method> <!-- beforeClass -->
        <test-method is-config="true" signature="beforeMethod()[pri:0, instance:TestCases.TC_046@470f1802]" started-at="2020-03-25T02:11:38 IST" name="beforeMethod" finished-at="2020-03-25T02:11:50 IST" duration-ms="11261" status="PASS">
          <reporter-output>
          </reporter-output>
        </test-method> <!-- beforeMethod -->
        <test-method signature="location(java.lang.String, java.lang.String, java.lang.String, java.lang.String, java.lang.String, java.lang.String, java.lang.String, java.lang.String, java.lang.String, java.lang.String)[pri:0, instance:TestCases.TC_046@470f1802]" started-at="2020-03-25T02:11:50 IST" name="location" data-provider="fetchData" finished-at="2020-03-25T02:12:16 IST" duration-ms="26257" status="PASS">
          <params>
            <param index="0">
              <value>
                <![CDATA[Admin]]>
              </value>
            </param>
            <param index="1">
              <value>
                <![CDATA[Kc1zUTHf2@]]>
              </value>
            </param>
            <param index="2">
              <value>
                <![CDATA[Delhi Straw]]>
              </value>
            </param>
            <param index="3">
              <value>
                <![CDATA[Delhi]]>
              </value>
            </param>
            <param index="4">
              <value>
                <![CDATA[Noida]]>
              </value>
            </param>
            <param index="5">
              <value>
                <![CDATA[201014]]>
              </value>
            </param>
            <param index="6">
              <value>
                <![CDATA[5678907654]]>
              </value>
            </param>
            <param index="7">
              <value>
                <![CDATA[4567898907]]>
              </value>
            </param>
            <param index="8">
              <value>
                <![CDATA[Indirapuram, Noida]]>
              </value>
            </param>
            <param index="9">
              <value>
                <![CDATA[It is the main Office.]]>
              </value>
            </param>
          </params>
          <reporter-output>
          </reporter-output>
        </test-method> <!-- location -->
        <test-method is-config="true" signature="afterMethod()[pri:0, instance:TestCases.TC_046@470f1802]" started-at="2020-03-25T02:12:16 IST" name="afterMethod" finished-at="2020-03-25T02:12:16 IST" duration-ms="0" status="PASS">
          <reporter-output>
          </reporter-output>
        </test-method> <!-- afterMethod -->
        <test-method is-config="true" signature="afterTest()[pri:0, instance:TestCases.TC_046@470f1802]" started-at="2020-03-25T02:12:16 IST" name="afterTest" finished-at="2020-03-25T02:12:16 IST" duration-ms="1" status="PASS">
          <reporter-output>
          </reporter-output>
        </test-method> <!-- afterTest -->
        <test-method is-config="true" signature="afterSuite()[pri:0, instance:TestCases.TC_046@470f1802]" started-at="2020-03-25T02:12:16 IST" name="afterSuite" finished-at="2020-03-25T02:12:17 IST" duration-ms="563" status="PASS">
          <reporter-output>
          </reporter-output>
        </test-method> <!-- afterSuite -->
      </class> <!-- TestCases.TC_046 -->
    </test> <!-- Default test -->
  </suite> <!-- Default suite -->
</testng-results>
